# JRE version: Java(TM) SE Runtime Environment (8.0_211-b12) (build 1.8.0_211-b12)
# Java VM: Java HotSpot(TM) 64-Bit Server VM (25.211-b12 mixed mode windows-amd64 compressed oops)
Heap:
 PSYoungGen      total 638464K, used 64497K [0x00000000d5e00000, 0x0000000100000000, 0x0000000100000000)
  eden space 609280K, 10% used [0x00000000d5e00000,0x00000000d9cfc4f0,0x00000000fb100000)
  from space 29184K, 0% used [0x00000000fb100000,0x00000000fb100000,0x00000000fcd80000)
  to   space 32256K, 0% used [0x00000000fe080000,0x00000000fe080000,0x0000000100000000)
 ParOldGen       total 194560K, used 72781K [0x0000000081a00000, 0x000000008d800000, 0x00000000d5e00000)
  object space 194560K, 37% used [0x0000000081a00000,0x00000000861136a0,0x000000008d800000)
 Metaspace       used 95481K, capacity 100056K, committed 100300K, reserved 1136640K
  class space    used 11652K, capacity 12428K, committed 12436K, reserved 1048576K
GC Heap History (10 events):
Event: 25.680 GC heap before
{Heap before GC invocations=17 (full 3):
 PSYoungGen      total 394240K, used 388738K [0x00000000d5e00000, 0x00000000f5f00000, 0x0000000100000000)
  eden space 373248K, 100% used [0x00000000d5e00000,0x00000000eca80000,0x00000000eca80000)
  from space 20992K, 73% used [0x00000000eca80000,0x00000000ed9a0b18,0x00000000edf00000)
  to   space 22528K, 0% used [0x00000000f4900000,0x00000000f4900000,0x00000000f5f00000)
 ParOldGen       total 124928K, used 34050K [0x0000000081a00000, 0x0000000089400000, 0x00000000d5e00000)
  object space 124928K, 27% used [0x0000000081a00000,0x0000000083b40840,0x0000000089400000)
 Metaspace       used 67347K, capacity 69528K, committed 69780K, reserved 1110016K
  class space    used 8389K, capacity 8790K, committed 8852K, reserved 1048576K
Event: 25.713 GC heap after
Heap after GC invocations=17 (full 3):
 PSYoungGen      total 502272K, used 14810K [0x00000000d5e00000, 0x00000000f6380000, 0x0000000100000000)
  eden space 479744K, 0% used [0x00000000d5e00000,0x00000000d5e00000,0x00000000f3280000)
  from space 22528K, 65% used [0x00000000f4900000,0x00000000f57768d8,0x00000000f5f00000)
  to   space 23040K, 0% used [0x00000000f3280000,0x00000000f3280000,0x00000000f4900000)
 ParOldGen       total 124928K, used 34058K [0x0000000081a00000, 0x0000000089400000, 0x00000000d5e00000)
  object space 124928K, 27% used [0x0000000081a00000,0x0000000083b42840,0x0000000089400000)
 Metaspace       used 67347K, capacity 69528K, committed 69780K, reserved 1110016K
  class space    used 8389K, capacity 8790K, committed 8852K, reserved 1048576K
}
Event: 29.598 GC heap before
{Heap before GC invocations=18 (full 3):
 PSYoungGen      total 502272K, used 494554K [0x00000000d5e00000, 0x00000000f6380000, 0x0000000100000000)
  eden space 479744K, 100% used [0x00000000d5e00000,0x00000000f3280000,0x00000000f3280000)
  from space 22528K, 65% used [0x00000000f4900000,0x00000000f57768d8,0x00000000f5f00000)
  to   space 23040K, 0% used [0x00000000f3280000,0x00000000f3280000,0x00000000f4900000)
 ParOldGen       total 124928K, used 34058K [0x0000000081a00000, 0x0000000089400000, 0x00000000d5e00000)
  object space 124928K, 27% used [0x0000000081a00000,0x0000000083b42840,0x0000000089400000)
 Metaspace       used 72909K, capacity 75394K, committed 75540K, reserved 1116160K
  class space    used 8746K, capacity 9197K, committed 9236K, reserved 1048576K
Event: 29.640 GC heap after
Heap after GC invocations=18 (full 3):
 PSYoungGen      total 502784K, used 14778K [0x00000000d5e00000, 0x00000000fe480000, 0x0000000100000000)
  eden space 479744K, 0% used [0x00000000d5e00000,0x00000000d5e00000,0x00000000f3280000)
  from space 23040K, 64% used [0x00000000f3280000,0x00000000f40ee920,0x00000000f4900000)
  to   space 23552K, 0% used [0x00000000fcd80000,0x00000000fcd80000,0x00000000fe480000)
 ParOldGen       total 124928K, used 43015K [0x0000000081a00000, 0x0000000089400000, 0x00000000d5e00000)
  object space 124928K, 34% used [0x0000000081a00000,0x0000000084401e40,0x0000000089400000)
 Metaspace       used 72909K, capacity 75394K, committed 75540K, reserved 1116160K
  class space    used 8746K, capacity 9197K, committed 9236K, reserved 1048576K
}
Event: 35.922 GC heap before
{Heap before GC invocations=19 (full 3):
 PSYoungGen      total 502784K, used 494522K [0x00000000d5e00000, 0x00000000fe480000, 0x0000000100000000)
  eden space 479744K, 100% used [0x00000000d5e00000,0x00000000f3280000,0x00000000f3280000)
  from space 23040K, 64% used [0x00000000f3280000,0x00000000f40ee920,0x00000000f4900000)
  to   space 23552K, 0% used [0x00000000fcd80000,0x00000000fcd80000,0x00000000fe480000)
 ParOldGen       total 124928K, used 43015K [0x0000000081a00000, 0x0000000089400000, 0x00000000d5e00000)
  object space 124928K, 34% used [0x0000000081a00000,0x0000000084401e40,0x0000000089400000)
 Metaspace       used 80361K, capacity 83520K, committed 83604K, reserved 1122304K
  class space    used 9805K, capacity 10362K, committed 10388K, reserved 1048576K
Event: 36.014 GC heap after
Heap after GC invocations=19 (full 3):
 PSYoungGen      total 632832K, used 23536K [0x00000000d5e00000, 0x00000000fef00000, 0x0000000100000000)
  eden space 609280K, 0% used [0x00000000d5e00000,0x00000000d5e00000,0x00000000fb100000)
  from space 23552K, 99% used [0x00000000fcd80000,0x00000000fe47c0f0,0x00000000fe480000)
  to   space 29184K, 0% used [0x00000000fb100000,0x00000000fb100000,0x00000000fcd80000)
 ParOldGen       total 124928K, used 49297K [0x0000000081a00000, 0x0000000089400000, 0x00000000d5e00000)
  object space 124928K, 39% used [0x0000000081a00000,0x0000000084a24490,0x0000000089400000)
 Metaspace       used 80361K, capacity 83520K, committed 83604K, reserved 1122304K
  class space    used 9805K, capacity 10362K, committed 10388K, reserved 1048576K
}
Event: 224.664 GC heap before
{Heap before GC invocations=20 (full 3):
 PSYoungGen      total 632832K, used 458434K [0x00000000d5e00000, 0x00000000fef00000, 0x0000000100000000)
  eden space 609280K, 71% used [0x00000000d5e00000,0x00000000f06b4b08,0x00000000fb100000)
  from space 23552K, 99% used [0x00000000fcd80000,0x00000000fe47c0f0,0x00000000fe480000)
  to   space 29184K, 0% used [0x00000000fb100000,0x00000000fb100000,0x00000000fcd80000)
 ParOldGen       total 124928K, used 49297K [0x0000000081a00000, 0x0000000089400000, 0x00000000d5e00000)
  object space 124928K, 39% used [0x0000000081a00000,0x0000000084a24490,0x0000000089400000)
 Metaspace       used 94431K, capacity 98244K, committed 98380K, reserved 1136640K
  class space    used 11538K, capacity 12200K, committed 12308K, reserved 1048576K
Event: 224.720 GC heap after
Heap after GC invocations=20 (full 3):
 PSYoungGen      total 638464K, used 25169K [0x00000000d5e00000, 0x0000000100000000, 0x0000000100000000)
  eden space 609280K, 0% used [0x00000000d5e00000,0x00000000d5e00000,0x00000000fb100000)
  from space 29184K, 86% used [0x00000000fb100000,0x00000000fc994620,0x00000000fcd80000)
  to   space 32256K, 0% used [0x00000000fe080000,0x00000000fe080000,0x0000000100000000)
 ParOldGen       total 124928K, used 61617K [0x0000000081a00000, 0x0000000089400000, 0x00000000d5e00000)
  object space 124928K, 49% used [0x0000000081a00000,0x000000008562c600,0x0000000089400000)
 Metaspace       used 94431K, capacity 98244K, committed 98380K, reserved 1136640K
  class space    used 11538K, capacity 12200K, committed 12308K, reserved 1048576K
}
Event: 224.720 GC heap before
{Heap before GC invocations=21 (full 4):
 PSYoungGen      total 638464K, used 25169K [0x00000000d5e00000, 0x0000000100000000, 0x0000000100000000)
  eden space 609280K, 0% used [0x00000000d5e00000,0x00000000d5e00000,0x00000000fb100000)
  from space 29184K, 86% used [0x00000000fb100000,0x00000000fc994620,0x00000000fcd80000)
  to   space 32256K, 0% used [0x00000000fe080000,0x00000000fe080000,0x0000000100000000)
 ParOldGen       total 124928K, used 61617K [0x0000000081a00000, 0x0000000089400000, 0x00000000d5e00000)
  object space 124928K, 49% used [0x0000000081a00000,0x000000008562c600,0x0000000089400000)
 Metaspace       used 94431K, capacity 98244K, committed 98380K, reserved 1136640K
  class space    used 11538K, capacity 12200K, committed 12308K, reserved 1048576K
Event: 225.100 GC heap after
Heap after GC invocations=21 (full 4):
 PSYoungGen      total 638464K, used 0K [0x00000000d5e00000, 0x0000000100000000, 0x0000000100000000)
  eden space 609280K, 0% used [0x00000000d5e00000,0x00000000d5e00000,0x00000000fb100000)
  from space 29184K, 0% used [0x00000000fb100000,0x00000000fb100000,0x00000000fcd80000)
  to   space 32256K, 0% used [0x00000000fe080000,0x00000000fe080000,0x0000000100000000)
 ParOldGen       total 194560K, used 72781K [0x0000000081a00000, 0x000000008d800000, 0x00000000d5e00000)
  object space 194560K, 37% used [0x0000000081a00000,0x00000000861136a0,0x000000008d800000)
 Metaspace       used 94429K, capacity 98238K, committed 98380K, reserved 1136640K
  class space    used 11538K, capacity 12199K, committed 12308K, reserved 1048576K
}

