# JRE version: Java(TM) SE Runtime Environment (8.0_211-b12) (build 1.8.0_211-b12)
# Java VM: Java HotSpot(TM) 64-Bit Server VM (25.211-b12 mixed mode windows-amd64 compressed oops)
Heap:
 PSYoungGen      total 613888K, used 414090K [0x00000000d5e00000, 0x0000000100000000, 0x0000000100000000)
  eden space 590848K, 66% used [0x00000000d5e00000,0x00000000edbea820,0x00000000f9f00000)
  from space 23040K, 99% used [0x00000000f9f00000,0x00000000fb578020,0x00000000fb580000)
  to   space 32256K, 0% used [0x00000000fe080000,0x00000000fe080000,0x0000000100000000)
 ParOldGen       total 117248K, used 55185K [0x0000000081a00000, 0x0000000088c80000, 0x00000000d5e00000)
  object space 117248K, 47% used [0x0000000081a00000,0x0000000084fe4658,0x0000000088c80000)
 Metaspace       used 86771K, capacity 90182K, committed 90368K, reserved 1128448K
  class space    used 10595K, capacity 11185K, committed 11264K, reserved 1048576K
GC Heap History (10 events):
Event: 16.919 GC heap before
{Heap before GC invocations=14 (full 2):
 PSYoungGen      total 363520K, used 285213K [0x00000000d5e00000, 0x00000000f5680000, 0x0000000100000000)
  eden space 348672K, 77% used [0x00000000d5e00000,0x00000000e660f2e8,0x00000000eb280000)
  from space 14848K, 99% used [0x00000000eb280000,0x00000000ec0f8440,0x00000000ec100000)
  to   space 19456K, 0% used [0x00000000f4380000,0x00000000f4380000,0x00000000f5680000)
 ParOldGen       total 77824K, used 25831K [0x0000000081a00000, 0x0000000086600000, 0x00000000d5e00000)
  object space 77824K, 33% used [0x0000000081a00000,0x0000000083339c00,0x0000000086600000)
 Metaspace       used 57999K, capacity 59880K, committed 60080K, reserved 1101824K
  class space    used 7311K, capacity 7652K, committed 7680K, reserved 1048576K
Event: 16.961 GC heap after
Heap after GC invocations=14 (full 2):
 PSYoungGen      total 480768K, used 11392K [0x00000000d5e00000, 0x00000000f4f00000, 0x0000000100000000)
  eden space 468992K, 0% used [0x00000000d5e00000,0x00000000d5e00000,0x00000000f2800000)
  from space 11776K, 96% used [0x00000000f4380000,0x00000000f4ea01c0,0x00000000f4f00000)
  to   space 19456K, 0% used [0x00000000f2900000,0x00000000f2900000,0x00000000f3c00000)
 ParOldGen       total 77824K, used 37147K [0x0000000081a00000, 0x0000000086600000, 0x00000000d5e00000)
  object space 77824K, 47% used [0x0000000081a00000,0x0000000083e46e28,0x0000000086600000)
 Metaspace       used 57999K, capacity 59880K, committed 60080K, reserved 1101824K
  class space    used 7311K, capacity 7652K, committed 7680K, reserved 1048576K
}
Event: 16.961 GC heap before
{Heap before GC invocations=15 (full 3):
 PSYoungGen      total 480768K, used 11392K [0x00000000d5e00000, 0x00000000f4f00000, 0x0000000100000000)
  eden space 468992K, 0% used [0x00000000d5e00000,0x00000000d5e00000,0x00000000f2800000)
  from space 11776K, 96% used [0x00000000f4380000,0x00000000f4ea01c0,0x00000000f4f00000)
  to   space 19456K, 0% used [0x00000000f2900000,0x00000000f2900000,0x00000000f3c00000)
 ParOldGen       total 77824K, used 37147K [0x0000000081a00000, 0x0000000086600000, 0x00000000d5e00000)
  object space 77824K, 47% used [0x0000000081a00000,0x0000000083e46e28,0x0000000086600000)
 Metaspace       used 57999K, capacity 59880K, committed 60080K, reserved 1101824K
  class space    used 7311K, capacity 7652K, committed 7680K, reserved 1048576K
Event: 17.281 GC heap after
Heap after GC invocations=15 (full 3):
 PSYoungGen      total 480768K, used 0K [0x00000000d5e00000, 0x00000000f4f00000, 0x0000000100000000)
  eden space 468992K, 0% used [0x00000000d5e00000,0x00000000d5e00000,0x00000000f2800000)
  from space 11776K, 0% used [0x00000000f4380000,0x00000000f4380000,0x00000000f4f00000)
  to   space 19456K, 0% used [0x00000000f2900000,0x00000000f2900000,0x00000000f3c00000)
 ParOldGen       total 117248K, used 38773K [0x0000000081a00000, 0x0000000088c80000, 0x00000000d5e00000)
  object space 117248K, 33% used [0x0000000081a00000,0x0000000083fdd410,0x0000000088c80000)
 Metaspace       used 57999K, capacity 59880K, committed 60080K, reserved 1101824K
  class space    used 7311K, capacity 7652K, committed 7680K, reserved 1048576K
}
Event: 33.022 GC heap before
{Heap before GC invocations=16 (full 3):
 PSYoungGen      total 480768K, used 468992K [0x00000000d5e00000, 0x00000000f4f00000, 0x0000000100000000)
  eden space 468992K, 100% used [0x00000000d5e00000,0x00000000f2800000,0x00000000f2800000)
  from space 11776K, 0% used [0x00000000f4380000,0x00000000f4380000,0x00000000f4f00000)
  to   space 19456K, 0% used [0x00000000f2900000,0x00000000f2900000,0x00000000f3c00000)
 ParOldGen       total 117248K, used 38773K [0x0000000081a00000, 0x0000000088c80000, 0x00000000d5e00000)
  object space 117248K, 33% used [0x0000000081a00000,0x0000000083fdd410,0x0000000088c80000)
 Metaspace       used 66814K, capacity 69030K, committed 69248K, reserved 1110016K
  class space    used 8334K, capacity 8757K, committed 8832K, reserved 1048576K
Event: 33.053 GC heap after
Heap after GC invocations=16 (full 3):
 PSYoungGen      total 489472K, used 16280K [0x00000000d5e00000, 0x00000000fcf00000, 0x0000000100000000)
  eden space 470016K, 0% used [0x00000000d5e00000,0x00000000d5e00000,0x00000000f2900000)
  from space 19456K, 83% used [0x00000000f2900000,0x00000000f38e63e8,0x00000000f3c00000)
  to   space 20992K, 0% used [0x00000000fba80000,0x00000000fba80000,0x00000000fcf00000)
 ParOldGen       total 117248K, used 38781K [0x0000000081a00000, 0x0000000088c80000, 0x00000000d5e00000)
  object space 117248K, 33% used [0x0000000081a00000,0x0000000083fdf410,0x0000000088c80000)
 Metaspace       used 66814K, capacity 69030K, committed 69248K, reserved 1110016K
  class space    used 8334K, capacity 8757K, committed 8832K, reserved 1048576K
}
Event: 35.113 GC heap before
{Heap before GC invocations=17 (full 3):
 PSYoungGen      total 489472K, used 486296K [0x00000000d5e00000, 0x00000000fcf00000, 0x0000000100000000)
  eden space 470016K, 100% used [0x00000000d5e00000,0x00000000f2900000,0x00000000f2900000)
  from space 19456K, 83% used [0x00000000f2900000,0x00000000f38e63e8,0x00000000f3c00000)
  to   space 20992K, 0% used [0x00000000fba80000,0x00000000fba80000,0x00000000fcf00000)
 ParOldGen       total 117248K, used 38781K [0x0000000081a00000, 0x0000000088c80000, 0x00000000d5e00000)
  object space 117248K, 33% used [0x0000000081a00000,0x0000000083fdf410,0x0000000088c80000)
 Metaspace       used 69193K, capacity 71488K, committed 71680K, reserved 1112064K
  class space    used 8468K, capacity 8904K, committed 8960K, reserved 1048576K
Event: 35.140 GC heap after
Heap after GC invocations=17 (full 3):
 PSYoungGen      total 608768K, used 17792K [0x00000000d5e00000, 0x00000000fcc00000, 0x0000000100000000)
  eden space 590848K, 0% used [0x00000000d5e00000,0x00000000d5e00000,0x00000000f9f00000)
  from space 17920K, 99% used [0x00000000fba80000,0x00000000fcbe0090,0x00000000fcc00000)
  to   space 23040K, 0% used [0x00000000f9f00000,0x00000000f9f00000,0x00000000fb580000)
 ParOldGen       total 117248K, used 38789K [0x0000000081a00000, 0x0000000088c80000, 0x00000000d5e00000)
  object space 117248K, 33% used [0x0000000081a00000,0x0000000083fe1410,0x0000000088c80000)
 Metaspace       used 69193K, capacity 71488K, committed 71680K, reserved 1112064K
  class space    used 8468K, capacity 8904K, committed 8960K, reserved 1048576K
}
Event: 39.780 GC heap before
{Heap before GC invocations=18 (full 3):
 PSYoungGen      total 608768K, used 608640K [0x00000000d5e00000, 0x00000000fcc00000, 0x0000000100000000)
  eden space 590848K, 100% used [0x00000000d5e00000,0x00000000f9f00000,0x00000000f9f00000)
  from space 17920K, 99% used [0x00000000fba80000,0x00000000fcbe0090,0x00000000fcc00000)
  to   space 23040K, 0% used [0x00000000f9f00000,0x00000000f9f00000,0x00000000fb580000)
 ParOldGen       total 117248K, used 38789K [0x0000000081a00000, 0x0000000088c80000, 0x00000000d5e00000)
  object space 117248K, 33% used [0x0000000081a00000,0x0000000083fe1410,0x0000000088c80000)
 Metaspace       used 76941K, capacity 79782K, committed 79872K, reserved 1120256K
  class space    used 9209K, capacity 9713K, committed 9728K, reserved 1048576K
Event: 39.841 GC heap after
Heap after GC invocations=18 (full 3):
 PSYoungGen      total 613888K, used 23008K [0x00000000d5e00000, 0x0000000100000000, 0x0000000100000000)
  eden space 590848K, 0% used [0x00000000d5e00000,0x00000000d5e00000,0x00000000f9f00000)
  from space 23040K, 99% used [0x00000000f9f00000,0x00000000fb578020,0x00000000fb580000)
  to   space 32256K, 0% used [0x00000000fe080000,0x00000000fe080000,0x0000000100000000)
 ParOldGen       total 117248K, used 55185K [0x0000000081a00000, 0x0000000088c80000, 0x00000000d5e00000)
  object space 117248K, 47% used [0x0000000081a00000,0x0000000084fe4658,0x0000000088c80000)
 Metaspace       used 76941K, capacity 79782K, committed 79872K, reserved 1120256K
  class space    used 9209K, capacity 9713K, committed 9728K, reserved 1048576K
}

