# JRE version: Java(TM) SE Runtime Environment (8.0_211-b12) (build 1.8.0_211-b12)
# Java VM: Java HotSpot(TM) 64-Bit Server VM (25.211-b12 mixed mode windows-amd64 compressed oops)
Heap:
 PSYoungGen      total 572928K, used 320699K [0x00000000d5e00000, 0x00000000fa980000, 0x0000000100000000)
  eden space 547328K, 54% used [0x00000000d5e00000,0x00000000e83b8d38,0x00000000f7480000)
  from space 25600K, 77% used [0x00000000f8f80000,0x00000000fa2f62b0,0x00000000fa880000)
  to   space 27136K, 0% used [0x00000000f7480000,0x00000000f7480000,0x00000000f8f00000)
 ParOldGen       total 130048K, used 48181K [0x0000000081a00000, 0x0000000089900000, 0x00000000d5e00000)
  object space 130048K, 37% used [0x0000000081a00000,0x000000008490d488,0x0000000089900000)
 Metaspace       used 84396K, capacity 87714K, committed 88084K, reserved 1126400K
  class space    used 10312K, capacity 10907K, committed 11028K, reserved 1048576K
GC Heap History (10 events):
Event: 18.846 GC heap before
{Heap before GC invocations=15 (full 3):
 PSYoungGen      total 374784K, used 4350K [0x00000000d5e00000, 0x00000000ee280000, 0x0000000100000000)
  eden space 354304K, 0% used [0x00000000d5e00000,0x00000000d5e00000,0x00000000eb800000)
  from space 20480K, 21% used [0x00000000ecc00000,0x00000000ed03f8e8,0x00000000ee000000)
  to   space 20480K, 0% used [0x00000000eb800000,0x00000000eb800000,0x00000000ecc00000)
 ParOldGen       total 91136K, used 39778K [0x0000000081a00000, 0x0000000087300000, 0x00000000d5e00000)
  object space 91136K, 43% used [0x0000000081a00000,0x00000000840d8a90,0x0000000087300000)
 Metaspace       used 57011K, capacity 58986K, committed 59028K, reserved 1101824K
  class space    used 7160K, capacity 7535K, committed 7572K, reserved 1048576K
Event: 19.056 GC heap after
Heap after GC invocations=15 (full 3):
 PSYoungGen      total 374784K, used 0K [0x00000000d5e00000, 0x00000000ee280000, 0x0000000100000000)
  eden space 354304K, 0% used [0x00000000d5e00000,0x00000000d5e00000,0x00000000eb800000)
  from space 20480K, 0% used [0x00000000ecc00000,0x00000000ecc00000,0x00000000ee000000)
  to   space 20480K, 0% used [0x00000000eb800000,0x00000000eb800000,0x00000000ecc00000)
 ParOldGen       total 130048K, used 34552K [0x0000000081a00000, 0x0000000089900000, 0x00000000d5e00000)
  object space 130048K, 26% used [0x0000000081a00000,0x0000000083bbe070,0x0000000089900000)
 Metaspace       used 57011K, capacity 58986K, committed 59028K, reserved 1101824K
  class space    used 7160K, capacity 7535K, committed 7572K, reserved 1048576K
}
Event: 20.933 GC heap before
{Heap before GC invocations=16 (full 3):
 PSYoungGen      total 374784K, used 354304K [0x00000000d5e00000, 0x00000000ee280000, 0x0000000100000000)
  eden space 354304K, 100% used [0x00000000d5e00000,0x00000000eb800000,0x00000000eb800000)
  from space 20480K, 0% used [0x00000000ecc00000,0x00000000ecc00000,0x00000000ee000000)
  to   space 20480K, 0% used [0x00000000eb800000,0x00000000eb800000,0x00000000ecc00000)
 ParOldGen       total 130048K, used 34552K [0x0000000081a00000, 0x0000000089900000, 0x00000000d5e00000)
  object space 130048K, 26% used [0x0000000081a00000,0x0000000083bbe070,0x0000000089900000)
 Metaspace       used 64604K, capacity 66620K, committed 66964K, reserved 1107968K
  class space    used 8130K, capacity 8510K, committed 8596K, reserved 1048576K
Event: 20.956 GC heap after
Heap after GC invocations=16 (full 3):
 PSYoungGen      total 374784K, used 14919K [0x00000000d5e00000, 0x00000000f3d80000, 0x0000000100000000)
  eden space 354304K, 0% used [0x00000000d5e00000,0x00000000d5e00000,0x00000000eb800000)
  from space 20480K, 72% used [0x00000000eb800000,0x00000000ec691ed8,0x00000000ecc00000)
  to   space 21504K, 0% used [0x00000000f2880000,0x00000000f2880000,0x00000000f3d80000)
 ParOldGen       total 130048K, used 34560K [0x0000000081a00000, 0x0000000089900000, 0x00000000d5e00000)
  object space 130048K, 26% used [0x0000000081a00000,0x0000000083bc0070,0x0000000089900000)
 Metaspace       used 64604K, capacity 66620K, committed 66964K, reserved 1107968K
  class space    used 8130K, capacity 8510K, committed 8596K, reserved 1048576K
}
Event: 23.055 GC heap before
{Heap before GC invocations=17 (full 3):
 PSYoungGen      total 374784K, used 369223K [0x00000000d5e00000, 0x00000000f3d80000, 0x0000000100000000)
  eden space 354304K, 100% used [0x00000000d5e00000,0x00000000eb800000,0x00000000eb800000)
  from space 20480K, 72% used [0x00000000eb800000,0x00000000ec691ed8,0x00000000ecc00000)
  to   space 21504K, 0% used [0x00000000f2880000,0x00000000f2880000,0x00000000f3d80000)
 ParOldGen       total 130048K, used 34560K [0x0000000081a00000, 0x0000000089900000, 0x00000000d5e00000)
  object space 130048K, 26% used [0x0000000081a00000,0x0000000083bc0070,0x0000000089900000)
 Metaspace       used 67376K, capacity 69520K, committed 69780K, reserved 1110016K
  class space    used 8389K, capacity 8790K, committed 8852K, reserved 1048576K
Event: 23.074 GC heap after
Heap after GC invocations=17 (full 3):
 PSYoungGen      total 460288K, used 15050K [0x00000000d5e00000, 0x00000000f3980000, 0x0000000100000000)
  eden space 442880K, 0% used [0x00000000d5e00000,0x00000000d5e00000,0x00000000f0e80000)
  from space 17408K, 86% used [0x00000000f2880000,0x00000000f3732ac8,0x00000000f3980000)
  to   space 22016K, 0% used [0x00000000f0e80000,0x00000000f0e80000,0x00000000f2400000)
 ParOldGen       total 130048K, used 34576K [0x0000000081a00000, 0x0000000089900000, 0x00000000d5e00000)
  object space 130048K, 26% used [0x0000000081a00000,0x0000000083bc4088,0x0000000089900000)
 Metaspace       used 67376K, capacity 69520K, committed 69780K, reserved 1110016K
  class space    used 8389K, capacity 8790K, committed 8852K, reserved 1048576K
}
Event: 27.214 GC heap before
{Heap before GC invocations=18 (full 3):
 PSYoungGen      total 460288K, used 457930K [0x00000000d5e00000, 0x00000000f3980000, 0x0000000100000000)
  eden space 442880K, 100% used [0x00000000d5e00000,0x00000000f0e80000,0x00000000f0e80000)
  from space 17408K, 86% used [0x00000000f2880000,0x00000000f3732ac8,0x00000000f3980000)
  to   space 22016K, 0% used [0x00000000f0e80000,0x00000000f0e80000,0x00000000f2400000)
 ParOldGen       total 130048K, used 34576K [0x0000000081a00000, 0x0000000089900000, 0x00000000d5e00000)
  object space 130048K, 26% used [0x0000000081a00000,0x0000000083bc4088,0x0000000089900000)
 Metaspace       used 72126K, capacity 74500K, committed 74772K, reserved 1114112K
  class space    used 8702K, capacity 9138K, committed 9236K, reserved 1048576K
Event: 27.257 GC heap after
Heap after GC invocations=18 (full 3):
 PSYoungGen      total 464896K, used 21984K [0x00000000d5e00000, 0x00000000fa880000, 0x0000000100000000)
  eden space 442880K, 0% used [0x00000000d5e00000,0x00000000d5e00000,0x00000000f0e80000)
  from space 22016K, 99% used [0x00000000f0e80000,0x00000000f23f8258,0x00000000f2400000)
  to   space 25600K, 0% used [0x00000000f8f80000,0x00000000f8f80000,0x00000000fa880000)
 ParOldGen       total 130048K, used 35150K [0x0000000081a00000, 0x0000000089900000, 0x00000000d5e00000)
  object space 130048K, 27% used [0x0000000081a00000,0x0000000083c53950,0x0000000089900000)
 Metaspace       used 72126K, capacity 74500K, committed 74772K, reserved 1114112K
  class space    used 8702K, capacity 9138K, committed 9236K, reserved 1048576K
}
Event: 30.752 GC heap before
{Heap before GC invocations=19 (full 3):
 PSYoungGen      total 464896K, used 464864K [0x00000000d5e00000, 0x00000000fa880000, 0x0000000100000000)
  eden space 442880K, 100% used [0x00000000d5e00000,0x00000000f0e80000,0x00000000f0e80000)
  from space 22016K, 99% used [0x00000000f0e80000,0x00000000f23f8258,0x00000000f2400000)
  to   space 25600K, 0% used [0x00000000f8f80000,0x00000000f8f80000,0x00000000fa880000)
 ParOldGen       total 130048K, used 35150K [0x0000000081a00000, 0x0000000089900000, 0x00000000d5e00000)
  object space 130048K, 27% used [0x0000000081a00000,0x0000000083c53950,0x0000000089900000)
 Metaspace       used 77540K, capacity 80436K, committed 80532K, reserved 1120256K
  class space    used 9318K, capacity 9852K, committed 9876K, reserved 1048576K
Event: 30.790 GC heap after
Heap after GC invocations=19 (full 3):
 PSYoungGen      total 572928K, used 19928K [0x00000000d5e00000, 0x00000000fa980000, 0x0000000100000000)
  eden space 547328K, 0% used [0x00000000d5e00000,0x00000000d5e00000,0x00000000f7480000)
  from space 25600K, 77% used [0x00000000f8f80000,0x00000000fa2f62b0,0x00000000fa880000)
  to   space 27136K, 0% used [0x00000000f7480000,0x00000000f7480000,0x00000000f8f00000)
 ParOldGen       total 130048K, used 48181K [0x0000000081a00000, 0x0000000089900000, 0x00000000d5e00000)
  object space 130048K, 37% used [0x0000000081a00000,0x000000008490d488,0x0000000089900000)
 Metaspace       used 77540K, capacity 80436K, committed 80532K, reserved 1120256K
  class space    used 9318K, capacity 9852K, committed 9876K, reserved 1048576K
}

